Analysis & Synthesis report for MIPS_UNICYCLE
Wed Jul  5 15:13:38 2017
Quartus II 32-bit Version 13.0.1 Build 232 06/12/2013 Service Pack 1 SJ Web Edition


---------------------
; Table of Contents ;
---------------------
  1. Legal Notice
  2. Analysis & Synthesis Summary
  3. Analysis & Synthesis Settings
  4. Parallel Compilation
  5. Analysis & Synthesis Messages



----------------
; Legal Notice ;
----------------
Copyright (C) 1991-2013 Altera Corporation
Your use of Altera Corporation's design tools, logic functions 
and other software and tools, and its AMPP partner logic 
functions, and any output files from any of the foregoing 
(including device programming or simulation files), and any 
associated documentation or information are expressly subject 
to the terms and conditions of the Altera Program License 
Subscription Agreement, Altera MegaCore Function License 
Agreement, or other applicable license agreement, including, 
without limitation, that your use is for the sole purpose of 
programming logic devices manufactured by Altera and sold by 
Altera or its authorized distributors.  Please refer to the 
applicable agreement for further details.



+--------------------------------------------------------------------------------------+
; Analysis & Synthesis Summary                                                         ;
+------------------------------------+-------------------------------------------------+
; Analysis & Synthesis Status        ; Failed - Wed Jul  5 15:13:38 2017               ;
; Quartus II 32-bit Version          ; 13.0.1 Build 232 06/12/2013 SP 1 SJ Web Edition ;
; Revision Name                      ; MIPS_UNICYCLE                                   ;
; Top-level Entity Name              ; MIPS_UNICYCLE                                   ;
; Family                             ; Cyclone II                                      ;
; Total logic elements               ; N/A until Partition Merge                       ;
;     Total combinational functions  ; N/A until Partition Merge                       ;
;     Dedicated logic registers      ; N/A until Partition Merge                       ;
; Total registers                    ; N/A until Partition Merge                       ;
; Total pins                         ; N/A until Partition Merge                       ;
; Total virtual pins                 ; N/A until Partition Merge                       ;
; Total memory bits                  ; N/A until Partition Merge                       ;
; Embedded Multiplier 9-bit elements ; N/A until Partition Merge                       ;
; Total PLLs                         ; N/A until Partition Merge                       ;
+------------------------------------+-------------------------------------------------+


+----------------------------------------------------------------------------------------------------------------------+
; Analysis & Synthesis Settings                                                                                        ;
+----------------------------------------------------------------------------+--------------------+--------------------+
; Option                                                                     ; Setting            ; Default Value      ;
+----------------------------------------------------------------------------+--------------------+--------------------+
; Device                                                                     ; EP2C35F672C6       ;                    ;
; Top-level entity name                                                      ; MIPS_UNICYCLE      ; MIPS_UNICYCLE      ;
; Family name                                                                ; Cyclone II         ; Cyclone IV GX      ;
; Use smart compilation                                                      ; Off                ; Off                ;
; Enable parallel Assembler and TimeQuest Timing Analyzer during compilation ; On                 ; On                 ;
; Enable compact report table                                                ; Off                ; Off                ;
; Restructure Multiplexers                                                   ; Auto               ; Auto               ;
; Create Debugging Nodes for IP Cores                                        ; Off                ; Off                ;
; Preserve fewer node names                                                  ; On                 ; On                 ;
; Disable OpenCore Plus hardware evaluation                                  ; Off                ; Off                ;
; Verilog Version                                                            ; Verilog_2001       ; Verilog_2001       ;
; VHDL Version                                                               ; VHDL_1993          ; VHDL_1993          ;
; State Machine Processing                                                   ; Auto               ; Auto               ;
; Safe State Machine                                                         ; Off                ; Off                ;
; Extract Verilog State Machines                                             ; On                 ; On                 ;
; Extract VHDL State Machines                                                ; On                 ; On                 ;
; Ignore Verilog initial constructs                                          ; Off                ; Off                ;
; Iteration limit for constant Verilog loops                                 ; 5000               ; 5000               ;
; Iteration limit for non-constant Verilog loops                             ; 250                ; 250                ;
; Add Pass-Through Logic to Inferred RAMs                                    ; On                 ; On                 ;
; Infer RAMs from Raw Logic                                                  ; On                 ; On                 ;
; Parallel Synthesis                                                         ; On                 ; On                 ;
; DSP Block Balancing                                                        ; Auto               ; Auto               ;
; NOT Gate Push-Back                                                         ; On                 ; On                 ;
; Power-Up Don't Care                                                        ; On                 ; On                 ;
; Remove Redundant Logic Cells                                               ; Off                ; Off                ;
; Remove Duplicate Registers                                                 ; On                 ; On                 ;
; Ignore CARRY Buffers                                                       ; Off                ; Off                ;
; Ignore CASCADE Buffers                                                     ; Off                ; Off                ;
; Ignore GLOBAL Buffers                                                      ; Off                ; Off                ;
; Ignore ROW GLOBAL Buffers                                                  ; Off                ; Off                ;
; Ignore LCELL Buffers                                                       ; Off                ; Off                ;
; Ignore SOFT Buffers                                                        ; On                 ; On                 ;
; Limit AHDL Integers to 32 Bits                                             ; Off                ; Off                ;
; Optimization Technique                                                     ; Balanced           ; Balanced           ;
; Carry Chain Length                                                         ; 70                 ; 70                 ;
; Auto Carry Chains                                                          ; On                 ; On                 ;
; Auto Open-Drain Pins                                                       ; On                 ; On                 ;
; Perform WYSIWYG Primitive Resynthesis                                      ; Off                ; Off                ;
; Auto ROM Replacement                                                       ; On                 ; On                 ;
; Auto RAM Replacement                                                       ; On                 ; On                 ;
; Auto Shift Register Replacement                                            ; Auto               ; Auto               ;
; Allow Shift Register Merging across Hierarchies                            ; Auto               ; Auto               ;
; Auto Clock Enable Replacement                                              ; On                 ; On                 ;
; Strict RAM Replacement                                                     ; Off                ; Off                ;
; Allow Synchronous Control Signals                                          ; On                 ; On                 ;
; Force Use of Synchronous Clear Signals                                     ; Off                ; Off                ;
; Auto RAM to Logic Cell Conversion                                          ; Off                ; Off                ;
; Auto Resource Sharing                                                      ; Off                ; Off                ;
; Allow Any RAM Size For Recognition                                         ; Off                ; Off                ;
; Allow Any ROM Size For Recognition                                         ; Off                ; Off                ;
; Allow Any Shift Register Size For Recognition                              ; Off                ; Off                ;
; Use LogicLock Constraints during Resource Balancing                        ; On                 ; On                 ;
; Ignore translate_off and synthesis_off directives                          ; Off                ; Off                ;
; Timing-Driven Synthesis                                                    ; Off                ; Off                ;
; Report Parameter Settings                                                  ; On                 ; On                 ;
; Report Source Assignments                                                  ; On                 ; On                 ;
; Report Connectivity Checks                                                 ; On                 ; On                 ;
; Ignore Maximum Fan-Out Assignments                                         ; Off                ; Off                ;
; Synchronization Register Chain Length                                      ; 2                  ; 2                  ;
; PowerPlay Power Optimization                                               ; Normal compilation ; Normal compilation ;
; HDL message level                                                          ; Level2             ; Level2             ;
; Suppress Register Optimization Related Messages                            ; Off                ; Off                ;
; Number of Removed Registers Reported in Synthesis Report                   ; 5000               ; 5000               ;
; Number of Swept Nodes Reported in Synthesis Report                         ; 5000               ; 5000               ;
; Number of Inverted Registers Reported in Synthesis Report                  ; 100                ; 100                ;
; Clock MUX Protection                                                       ; On                 ; On                 ;
; Auto Gated Clock Conversion                                                ; Off                ; Off                ;
; Block Design Naming                                                        ; Auto               ; Auto               ;
; SDC constraint protection                                                  ; Off                ; Off                ;
; Synthesis Effort                                                           ; Auto               ; Auto               ;
; Shift Register Replacement - Allow Asynchronous Clear Signal               ; On                 ; On                 ;
; Pre-Mapping Resynthesis Optimization                                       ; Off                ; Off                ;
; Analysis & Synthesis Message Level                                         ; Medium             ; Medium             ;
; Disable Register Merging Across Hierarchies                                ; Auto               ; Auto               ;
; Resource Aware Inference For Block RAM                                     ; On                 ; On                 ;
; Synthesis Seed                                                             ; 1                  ; 1                  ;
+----------------------------------------------------------------------------+--------------------+--------------------+


Parallel compilation was disabled, but you have multiple processors available. Enable parallel compilation to reduce compilation time.
+-------------------------------------+
; Parallel Compilation                ;
+----------------------------+--------+
; Processors                 ; Number ;
+----------------------------+--------+
; Number detected on machine ; 4      ;
; Maximum allowed            ; 1      ;
+----------------------------+--------+


+-------------------------------+
; Analysis & Synthesis Messages ;
+-------------------------------+
Info: *******************************************************************
Info: Running Quartus II 32-bit Analysis & Synthesis
    Info: Version 13.0.1 Build 232 06/12/2013 Service Pack 1 SJ Web Edition
    Info: Processing started: Wed Jul  5 15:13:37 2017
Info: Command: quartus_map --read_settings_files=on --write_settings_files=off MIPS_UNICYCLE -c MIPS_UNICYCLE
Warning (20028): Parallel compilation is not licensed and has been disabled
Info (12021): Found 2 design units, including 1 entities, in source file ULA.vhd
    Info (12022): Found design unit 1: ULA-ULA_arch
    Info (12023): Found entity 1: ULA
Info (12021): Found 2 design units, including 1 entities, in source file REG_BANK.vhd
    Info (12022): Found design unit 1: REG_BANK-REG_BANK_arch
    Info (12023): Found entity 1: REG_BANK
Info (12021): Found 2 design units, including 1 entities, in source file MI.vhd
    Info (12022): Found design unit 1: MI-MI_arch
    Info (12023): Found entity 1: MI
Info (12021): Found 2 design units, including 1 entities, in source file MD.vhd
    Info (12022): Found design unit 1: MD-MD_arch
    Info (12023): Found entity 1: MD
Info (12021): Found 2 design units, including 1 entities, in source file SOM.vhd
    Info (12022): Found design unit 1: SOM-SOM_arch
    Info (12023): Found entity 1: SOM
Warning (12090): Entity "MUX" obtained from "MUX.vhd" instead of from Quartus II megafunction library
Info (12021): Found 2 design units, including 1 entities, in source file MUX.vhd
    Info (12022): Found design unit 1: MUX-MUX_arch
    Info (12023): Found entity 1: MUX
Info (12021): Found 2 design units, including 1 entities, in source file REG.vhd
    Info (12022): Found design unit 1: REG-REG_arch
    Info (12023): Found entity 1: REG
Info (12021): Found 2 design units, including 1 entities, in source file SIGN_EX.vhd
    Info (12022): Found design unit 1: SIGN_EX-SIGN_EX_arch
    Info (12023): Found entity 1: SIGN_EX
Info (12021): Found 2 design units, including 1 entities, in source file MIPS_UNICYCLE.vhd
    Info (12022): Found design unit 1: MIPS_UNICYCLE-MIPS_UNICYCLE_ARCH
    Info (12023): Found entity 1: MIPS_UNICYCLE
Info (12021): Found 2 design units, including 1 entities, in source file CU.vhd
    Info (12022): Found design unit 1: CU-CU_ARCH
    Info (12023): Found entity 1: CU
Info (12021): Found 2 design units, including 1 entities, in source file CULA.vhd
    Info (12022): Found design unit 1: CULA-CULA_ARCH
    Info (12023): Found entity 1: CULA
Info (12021): Found 2 design units, including 1 entities, in source file REG_A.vhd
    Info (12022): Found design unit 1: REG_A-REG_A_arch
    Info (12023): Found entity 1: REG_A
Info (12021): Found 2 design units, including 1 entities, in source file MUX7.vhd
    Info (12022): Found design unit 1: MUX7-MUX7_arch
    Info (12023): Found entity 1: MUX7
Info (12021): Found 2 design units, including 1 entities, in source file MUX5.vhd
    Info (12022): Found design unit 1: MUX5-MUX5_arch
    Info (12023): Found entity 1: MUX5
Error (10327): VHDL error at MIPS_UNICYCLE.vhd(178): can't determine definition of operator ""+"" -- found 0 possible definitions File: /home/marcelo/Documentos/Aulas/OAC/OAC-1-2016/Final/MIPS_UNICYCLE.vhd Line: 178
Error: Quartus II 32-bit Analysis & Synthesis was unsuccessful. 1 error, 2 warnings
    Error: Peak virtual memory: 355 megabytes
    Error: Processing ended: Wed Jul  5 15:13:38 2017
    Error: Elapsed time: 00:00:01
    Error: Total CPU time (on all processors): 00:00:01


