Flow report for MIPS_UNICYCLE
Thu Jul 06 13:56:53 2017
Quartus II 64-Bit Version 13.0.1 Build 232 06/12/2013 Service Pack 1 SJ Web Edition


---------------------
; Table of Contents ;
---------------------
  1. Legal Notice
  2. Flow Summary
  3. Flow Settings
  4. Flow Non-Default Global Settings
  5. Flow Elapsed Time
  6. Flow OS Summary
  7. Flow Log
  8. Flow Messages
  9. Flow Suppressed Messages



----------------
; Legal Notice ;
----------------
Copyright (C) 1991-2013 Altera Corporation
Your use of Altera Corporation's design tools, logic functions 
and other software and tools, and its AMPP partner logic 
functions, and any output files from any of the foregoing 
(including device programming or simulation files), and any 
associated documentation or information are expressly subject 
to the terms and conditions of the Altera Program License 
Subscription Agreement, Altera MegaCore Function License 
Agreement, or other applicable license agreement, including, 
without limitation, that your use is for the sole purpose of 
programming logic devices manufactured by Altera and sold by 
Altera or its authorized distributors.  Please refer to the 
applicable agreement for further details.



+--------------------------------------------------------------------------------------+
; Flow Summary                                                                         ;
+------------------------------------+-------------------------------------------------+
; Flow Status                        ; Successful - Thu Jul 06 13:56:53 2017           ;
; Quartus II 64-Bit Version          ; 13.0.1 Build 232 06/12/2013 SP 1 SJ Web Edition ;
; Revision Name                      ; MIPS_UNICYCLE                                   ;
; Top-level Entity Name              ; MIPS_UNICYCLE                                   ;
; Family                             ; Cyclone II                                      ;
; Total logic elements               ; 257 / 4,608 ( 6 % )                             ;
;     Total combinational functions  ; 257 / 4,608 ( 6 % )                             ;
;     Dedicated logic registers      ; 37 / 4,608 ( < 1 % )                            ;
; Total registers                    ; 37                                              ;
; Total pins                         ; 47 / 89 ( 53 % )                                ;
; Total virtual pins                 ; 0                                               ;
; Total memory bits                  ; 0 / 119,808 ( 0 % )                             ;
; Embedded Multiplier 9-bit elements ; 0 / 26 ( 0 % )                                  ;
; Total PLLs                         ; 0 / 2 ( 0 % )                                   ;
; Device                             ; EP2C5T144C6                                     ;
; Timing Models                      ; Final                                           ;
+------------------------------------+-------------------------------------------------+


+-----------------------------------------+
; Flow Settings                           ;
+-------------------+---------------------+
; Option            ; Setting             ;
+-------------------+---------------------+
; Start date & time ; 07/06/2017 13:56:32 ;
; Main task         ; Compilation         ;
; Revision Name     ; MIPS_UNICYCLE       ;
+-------------------+---------------------+


+-----------------------------------------------------------------------------------------------------------------------------+
; Flow Non-Default Global Settings                                                                                            ;
+--------------------------------------+---------------------------------------+---------------+-------------+----------------+
; Assignment Name                      ; Value                                 ; Default Value ; Entity Name ; Section Id     ;
+--------------------------------------+---------------------------------------+---------------+-------------+----------------+
; COMPILER_SIGNATURE_ID                ; 345052807169.149936019204152          ; --            ; --          ; --             ;
; EDA_DESIGN_INSTANCE_NAME             ; utt                                   ; --            ; --          ; tb2            ;
; EDA_NATIVELINK_SIMULATION_TEST_BENCH ; tb2                                   ; --            ; --          ; eda_simulation ;
; EDA_OUTPUT_DATA_FORMAT               ; Vhdl                                  ; --            ; --          ; eda_simulation ;
; EDA_RUN_TOOL_AUTOMATICALLY           ; On                                    ; --            ; --          ; eda_simulation ;
; EDA_SIMULATION_TOOL                  ; ModelSim-Altera (VHDL)                ; <None>        ; --          ; --             ;
; EDA_TEST_BENCH_ENABLE_STATUS         ; TEST_BENCH_MODE                       ; --            ; --          ; eda_simulation ;
; EDA_TEST_BENCH_FILE                  ; MIPS_TESTBENCH.vhd                    ; --            ; --          ; tb2            ;
; EDA_TEST_BENCH_MODULE_NAME           ; MIPS_TESTBENCH                        ; --            ; --          ; tb2            ;
; EDA_TEST_BENCH_NAME                  ; tb2                                   ; --            ; --          ; eda_simulation ;
; EDA_TEST_BENCH_RUN_SIM_FOR           ; 200 ns                                ; --            ; --          ; tb2            ;
; PARTITION_COLOR                      ; 16764057                              ; --            ; --          ; Top            ;
; PARTITION_FITTER_PRESERVATION_LEVEL  ; PLACEMENT_AND_ROUTING                 ; --            ; --          ; Top            ;
; PARTITION_NETLIST_TYPE               ; SOURCE                                ; --            ; --          ; Top            ;
; POWER_BOARD_THERMAL_MODEL            ; None (CONSERVATIVE)                   ; --            ; --          ; --             ;
; POWER_PRESET_COOLING_SOLUTION        ; 23 MM HEAT SINK WITH 200 LFPM AIRFLOW ; --            ; --          ; --             ;
; PROJECT_OUTPUT_DIRECTORY             ; output_files                          ; --            ; --          ; --             ;
+--------------------------------------+---------------------------------------+---------------+-------------+----------------+


+-------------------------------------------------------------------------------------------------------------------------------+
; Flow Elapsed Time                                                                                                             ;
+---------------------------+--------------+-------------------------+---------------------+------------------------------------+
; Module Name               ; Elapsed Time ; Average Processors Used ; Peak Virtual Memory ; Total CPU Time (on all processors) ;
+---------------------------+--------------+-------------------------+---------------------+------------------------------------+
; Analysis & Synthesis      ; 00:00:06     ; 1.0                     ; 521 MB              ; 00:00:05                           ;
; Fitter                    ; 00:00:07     ; 1.0                     ; 660 MB              ; 00:00:06                           ;
; Assembler                 ; 00:00:01     ; 1.0                     ; 432 MB              ; 00:00:01                           ;
; TimeQuest Timing Analyzer ; 00:00:02     ; 1.0                     ; 425 MB              ; 00:00:02                           ;
; EDA Netlist Writer        ; 00:00:01     ; 1.0                     ; 397 MB              ; 00:00:01                           ;
; Total                     ; 00:00:17     ; --                      ; --                  ; 00:00:15                           ;
+---------------------------+--------------+-------------------------+---------------------+------------------------------------+


+----------------------------------------------------------------------------------------+
; Flow OS Summary                                                                        ;
+---------------------------+------------------+-----------+------------+----------------+
; Module Name               ; Machine Hostname ; OS Name   ; OS Version ; Processor type ;
+---------------------------+------------------+-----------+------------+----------------+
; Analysis & Synthesis      ; W312905          ; Windows 7 ; 6.2        ; x86_64         ;
; Fitter                    ; W312905          ; Windows 7 ; 6.2        ; x86_64         ;
; Assembler                 ; W312905          ; Windows 7 ; 6.2        ; x86_64         ;
; TimeQuest Timing Analyzer ; W312905          ; Windows 7 ; 6.2        ; x86_64         ;
; EDA Netlist Writer        ; W312905          ; Windows 7 ; 6.2        ; x86_64         ;
+---------------------------+------------------+-----------+------------+----------------+


------------
; Flow Log ;
------------
quartus_map --read_settings_files=on --write_settings_files=off MIPS_UNICYCLE -c MIPS_UNICYCLE
quartus_fit --read_settings_files=off --write_settings_files=off MIPS_UNICYCLE -c MIPS_UNICYCLE
quartus_asm --read_settings_files=off --write_settings_files=off MIPS_UNICYCLE -c MIPS_UNICYCLE
quartus_sta MIPS_UNICYCLE -c MIPS_UNICYCLE
quartus_eda --read_settings_files=off --write_settings_files=off MIPS_UNICYCLE -c MIPS_UNICYCLE



